<?xml version="1.0" encoding="UTF-8"?>
<testsuite xmlns:xsi="http://www.w3.org/2001/XMLSchema-instance" xsi:noNamespaceSchemaLocation="https://maven.apache.org/surefire/maven-surefire-plugin/xsd/surefire-test-report-3.0.xsd" version="3.0" name="com.yash.productservice.ProductServiceApplicationTests" time="13.087" tests="1" errors="0" skipped="0" failures="0">
  <properties>
[...]
</properties>
  <testcase name="contextLoads" classname="com.yash.productservice.ProductServiceApplicationTests" time="2.026">
    <system-out><![CDATA[09:43:23.645 [main] INFO org.springframework.test.context.support.AnnotationConfigContextLoaderUtils -- Could not detect default configuration classes for test class [com.yash.productservice.ProductServiceApplicationTests]: ProductServiceApplicationTests does not declare any static, non-private, non-final, nested classes annotated with @Configuration.
09:43:24.357 [main] INFO org.springframework.boot.test.context.SpringBootTestContextBootstrapper -- Found @SpringBootConfiguration com.yash.productservice.ProductServiceApplication for test class com.yash.productservice.ProductServiceApplicationTests

  .   ____          _            __ _ _
 /\\ / ___'_ __ _ _(_)_ __  __ _ \ \ \ \
( ( )\___ | '_ | '_| | '_ \/ _` | \ \ \ \
 \\/  ___)| |_)| | | | | || (_| |  ) ) ) )
  '  |____| .__|_| |_|_| |_\__, | / / / /
 =========|_|==============|___/=/_/_/_/
 :: Spring Boot ::                (v3.1.2)

2023-08-07T09:43:26.648+05:30  INFO 15536 --- [           main] c.y.p.ProductServiceApplicationTests     : Starting ProductServiceApplicationTests using Java 18.0.1.1 with PID 15536 (started by yashu in D:\Coding Journey\Implementation\Spring Boot Microservices\Microservices\product-service)
2023-08-07T09:43:26.650+05:30  INFO 15536 --- [           main] c.y.p.ProductServiceApplicationTests     : No active profile set, falling back to 1 default profile: "default"
2023-08-07T09:43:28.109+05:30  INFO 15536 --- [           main] .s.d.r.c.RepositoryConfigurationDelegate : Bootstrapping Spring Data MongoDB repositories in DEFAULT mode.
2023-08-07T09:43:28.221+05:30  INFO 15536 --- [           main] .s.d.r.c.RepositoryConfigurationDelegate : Finished Spring Data repository scanning in 105 ms. Found 1 MongoDB repository interfaces.
2023-08-07T09:43:30.112+05:30  INFO 15536 --- [           main] org.mongodb.driver.client                : MongoClient with metadata {"driver": {"name": "mongo-java-driver|sync|spring-boot", "version": "4.9.1"}, "os": {"type": "Windows", "name": "Windows 11", "architecture": "amd64", "version": "10.0"}, "platform": "Java/Oracle Corporation/18.0.1.1+2-6"} created with settings MongoClientSettings{readPreference=primary, writeConcern=WriteConcern{w=majority, wTimeout=null ms, journal=null}, retryWrites=true, retryReads=true, readConcern=ReadConcern{level=null}, credential=MongoCredential{mechanism=null, userName='yashupadhyay2723', source='admin', password=<hidden>, mechanismProperties=<hidden>}, streamFactoryFactory=null, commandListeners=[], codecRegistry=ProvidersCodecRegistry{codecProviders=[ValueCodecProvider{}, BsonValueCodecProvider{}, DBRefCodecProvider{}, DBObjectCodecProvider{}, DocumentCodecProvider{}, CollectionCodecProvider{}, IterableCodecProvider{}, MapCodecProvider{}, GeoJsonCodecProvider{}, GridFSFileCodecProvider{}, Jsr310CodecProvider{}, JsonObjectCodecProvider{}, BsonCodecProvider{}, EnumCodecProvider{}, com.mongodb.client.model.mql.ExpressionCodecProvider@5f174dd2, com.mongodb.Jep395RecordCodecProvider@1945113f]}, loggerSettings=LoggerSettings{maxDocumentLength=1000}, clusterSettings={hosts=[127.0.0.1:27017], srvHost=cluster0.cbklh63.mongodb.net, srvServiceName=mongodb, mode=MULTIPLE, requiredClusterType=REPLICA_SET, requiredReplicaSetName='atlas-110ae7-shard-0', serverSelector='null', clusterListeners='[]', serverSelectionTimeout='30000 ms', localThreshold='30000 ms'}, socketSettings=SocketSettings{connectTimeoutMS=10000, readTimeoutMS=0, receiveBufferSize=0, sendBufferSize=0}, heartbeatSocketSettings=SocketSettings{connectTimeoutMS=10000, readTimeoutMS=10000, receiveBufferSize=0, sendBufferSize=0}, connectionPoolSettings=ConnectionPoolSettings{maxSize=100, minSize=0, maxWaitTimeMS=120000, maxConnectionLifeTimeMS=0, maxConnectionIdleTimeMS=0, maintenanceInitialDelayMS=0, maintenanceFrequencyMS=60000, connectionPoolListeners=[], maxConnecting=2}, serverSettings=ServerSettings{heartbeatFrequencyMS=10000, minHeartbeatFrequencyMS=500, serverListeners='[]', serverMonitorListeners='[]'}, sslSettings=SslSettings{enabled=true, invalidHostNameAllowed=false, context=null}, applicationName='null', compressorList=[], uuidRepresentation=JAVA_LEGACY, serverApi=null, autoEncryptionSettings=null, contextProvider=null}
2023-08-07T09:43:30.977+05:30  INFO 15536 --- [h63.mongodb.net] org.mongodb.driver.cluster               : Adding discovered server ac-jhpjxvr-shard-00-02.cbklh63.mongodb.net:27017 to client view of cluster
2023-08-07T09:43:31.132+05:30  INFO 15536 --- [h63.mongodb.net] org.mongodb.driver.cluster               : Adding discovered server ac-jhpjxvr-shard-00-00.cbklh63.mongodb.net:27017 to client view of cluster
2023-08-07T09:43:31.133+05:30  INFO 15536 --- [h63.mongodb.net] org.mongodb.driver.cluster               : Adding discovered server ac-jhpjxvr-shard-00-01.cbklh63.mongodb.net:27017 to client view of cluster
2023-08-07T09:43:32.740+05:30  INFO 15536 --- [ngodb.net:27017] org.mongodb.driver.cluster               : Monitor thread successfully connected to server with description ServerDescription{address=ac-jhpjxvr-shard-00-01.cbklh63.mongodb.net:27017, type=REPLICA_SET_PRIMARY, state=CONNECTED, ok=true, minWireVersion=0, maxWireVersion=17, maxDocumentSize=16777216, logicalSessionTimeoutMinutes=30, roundTripTimeNanos=866773800, setName='atlas-110ae7-shard-0', canonicalAddress=ac-jhpjxvr-shard-00-01.cbklh63.mongodb.net:27017, hosts=[ac-jhpjxvr-shard-00-01.cbklh63.mongodb.net:27017, ac-jhpjxvr-shard-00-00.cbklh63.mongodb.net:27017, ac-jhpjxvr-shard-00-02.cbklh63.mongodb.net:27017], passives=[], arbiters=[], primary='ac-jhpjxvr-shard-00-01.cbklh63.mongodb.net:27017', tagSet=TagSet{[Tag{name='nodeType', value='ELECTABLE'}, Tag{name='provider', value='AWS'}, Tag{name='region', value='AP_SOUTH_1'}, Tag{name='workloadType', value='OPERATIONAL'}]}, electionId=7fffffff0000000000000201, setVersion=7, topologyVersion=TopologyVersion{processId=64d04c8c5ac3ba5de6b39c94, counter=6}, lastWriteDate=Mon Aug 07 09:43:33 IST 2023, lastUpdateTimeNanos=642172624791900}
2023-08-07T09:43:32.740+05:30  INFO 15536 --- [ngodb.net:27017] org.mongodb.driver.cluster               : Monitor thread successfully connected to server with description ServerDescription{address=ac-jhpjxvr-shard-00-00.cbklh63.mongodb.net:27017, type=REPLICA_SET_SECONDARY, state=CONNECTED, ok=true, minWireVersion=0, maxWireVersion=17, maxDocumentSize=16777216, logicalSessionTimeoutMinutes=30, roundTripTimeNanos=841527600, setName='atlas-110ae7-shard-0', canonicalAddress=ac-jhpjxvr-shard-00-00.cbklh63.mongodb.net:27017, hosts=[ac-jhpjxvr-shard-00-01.cbklh63.mongodb.net:27017, ac-jhpjxvr-shard-00-00.cbklh63.mongodb.net:27017, ac-jhpjxvr-shard-00-02.cbklh63.mongodb.net:27017], passives=[], arbiters=[], primary='ac-jhpjxvr-shard-00-01.cbklh63.mongodb.net:27017', tagSet=TagSet{[Tag{name='nodeType', value='ELECTABLE'}, Tag{name='provider', value='AWS'}, Tag{name='region', value='AP_SOUTH_1'}, Tag{name='workloadType', value='OPERATIONAL'}]}, electionId=null, setVersion=7, topologyVersion=TopologyVersion{processId=64d04b544c344cd10d8bb8c7, counter=4}, lastWriteDate=Mon Aug 07 09:43:33 IST 2023, lastUpdateTimeNanos=642172624680300}
2023-08-07T09:43:32.740+05:30  INFO 15536 --- [ngodb.net:27017] org.mongodb.driver.cluster               : Monitor thread successfully connected to server with description ServerDescription{address=ac-jhpjxvr-shard-00-02.cbklh63.mongodb.net:27017, type=REPLICA_SET_SECONDARY, state=CONNECTED, ok=true, minWireVersion=0, maxWireVersion=17, maxDocumentSize=16777216, logicalSessionTimeoutMinutes=30, roundTripTimeNanos=1064575000, setName='atlas-110ae7-shard-0', canonicalAddress=ac-jhpjxvr-shard-00-02.cbklh63.mongodb.net:27017, hosts=[ac-jhpjxvr-shard-00-01.cbklh63.mongodb.net:27017, ac-jhpjxvr-shard-00-00.cbklh63.mongodb.net:27017, ac-jhpjxvr-shard-00-02.cbklh63.mongodb.net:27017], passives=[], arbiters=[], primary='ac-jhpjxvr-shard-00-01.cbklh63.mongodb.net:27017', tagSet=TagSet{[Tag{name='nodeType', value='ELECTABLE'}, Tag{name='provider', value='AWS'}, Tag{name='region', value='AP_SOUTH_1'}, Tag{name='workloadType', value='OPERATIONAL'}]}, electionId=null, setVersion=7, topologyVersion=TopologyVersion{processId=64d04da324304b9871cc32bf, counter=3}, lastWriteDate=Mon Aug 07 09:43:33 IST 2023, lastUpdateTimeNanos=642172624820500}
2023-08-07T09:43:32.760+05:30  INFO 15536 --- [ngodb.net:27017] org.mongodb.driver.cluster               : Discovered replica set primary ac-jhpjxvr-shard-00-01.cbklh63.mongodb.net:27017 with max election id 7fffffff0000000000000201 and max set version 7
2023-08-07T09:43:34.116+05:30  INFO 15536 --- [           main] c.y.p.ProductServiceApplicationTests     : Started ProductServiceApplicationTests in 9.208 seconds (process running for 12.367)
]]></system-out>
  </testcase>
</testsuite>